# JRE version: OpenJDK Runtime Environment Temurin-17.0.7+7 (17.0.7+7) (build 17.0.7+7)
# Java VM: OpenJDK 64-Bit Server VM Temurin-17.0.7+7 (17.0.7+7, mixed mode, tiered, compressed oops, compressed class ptrs, g1 gc, windows-amd64)
GC Precious Log:
 CPUs: 8 total, 8 available
 Memory: 7915M
 Large Page Support: Disabled
 NUMA Support: Disabled
 Compressed Oops: Enabled (32-bit)
 Heap Region Size: 1M
 Heap Min Capacity: 8M
 Heap Initial Capacity: 124M
 Heap Max Capacity: 1980M
 Pre-touch: Disabled
 Parallel Workers: 8
 Concurrent Workers: 2
 Concurrent Refinement Workers: 8
 Periodic GC: Disabled
Heap:
 garbage-first heap   total 490496K, used 232934K [0x0000000084400000, 0x0000000100000000)
  region size 1024K, 1 young (1024K), 1 survivors (1024K)
 Metaspace       used 10589K, committed 10752K, reserved 1114112K
  class space    used 988K, committed 1024K, reserved 1048576K
GC Heap History (20 events):
Event: 1.216 GC heap after
{Heap after GC invocations=31 (full 0):
 garbage-first heap   total 282624K, used 146872K [0x0000000084400000, 0x0000000100000000)
  region size 1024K, 1 young (1024K), 1 survivors (1024K)
 Metaspace       used 10587K, committed 10752K, reserved 1114112K
  class space    used 987K, committed 1024K, reserved 1048576K
}
Event: 1.242 GC heap before
{Heap before GC invocations=32 (full 0):
 garbage-first heap   total 282624K, used 154040K [0x0000000084400000, 0x0000000100000000)
  region size 1024K, 5 young (5120K), 1 survivors (1024K)
 Metaspace       used 10587K, committed 10752K, reserved 1114112K
  class space    used 987K, committed 1024K, reserved 1048576K
}
Event: 1.244 GC heap after
{Heap after GC invocations=33 (full 0):
 garbage-first heap   total 412672K, used 150965K [0x0000000084400000, 0x0000000100000000)
  region size 1024K, 1 young (1024K), 1 survivors (1024K)
 Metaspace       used 10587K, committed 10752K, reserved 1114112K
  class space    used 987K, committed 1024K, reserved 1048576K
}
Event: 1.432 GC heap before
{Heap before GC invocations=33 (full 0):
 garbage-first heap   total 412672K, used 212405K [0x0000000084400000, 0x0000000100000000)
  region size 1024K, 30 young (30720K), 1 survivors (1024K)
 Metaspace       used 10589K, committed 10752K, reserved 1114112K
  class space    used 988K, committed 1024K, reserved 1048576K
}
Event: 1.432 GC heap after
{Heap after GC invocations=34 (full 0):
 garbage-first heap   total 412672K, used 183747K [0x0000000084400000, 0x0000000100000000)
  region size 1024K, 1 young (1024K), 1 survivors (1024K)
 Metaspace       used 10589K, committed 10752K, reserved 1114112K
  class space    used 988K, committed 1024K, reserved 1048576K
}
Event: 1.446 GC heap before
{Heap before GC invocations=34 (full 0):
 garbage-first heap   total 412672K, used 190915K [0x0000000084400000, 0x0000000100000000)
  region size 1024K, 5 young (5120K), 1 survivors (1024K)
 Metaspace       used 10589K, committed 10752K, reserved 1114112K
  class space    used 988K, committed 1024K, reserved 1048576K
}
Event: 1.446 GC heap after
{Heap after GC invocations=35 (full 0):
 garbage-first heap   total 412672K, used 187849K [0x0000000084400000, 0x0000000100000000)
  region size 1024K, 1 young (1024K), 1 survivors (1024K)
 Metaspace       used 10589K, committed 10752K, reserved 1114112K
  class space    used 988K, committed 1024K, reserved 1048576K
}
Event: 1.464 GC heap before
{Heap before GC invocations=36 (full 0):
 garbage-first heap   total 412672K, used 195017K [0x0000000084400000, 0x0000000100000000)
  region size 1024K, 5 young (5120K), 1 survivors (1024K)
 Metaspace       used 10589K, committed 10752K, reserved 1114112K
  class space    used 988K, committed 1024K, reserved 1048576K
}
Event: 1.464 GC heap after
{Heap after GC invocations=37 (full 0):
 garbage-first heap   total 412672K, used 191951K [0x0000000084400000, 0x0000000100000000)
  region size 1024K, 1 young (1024K), 1 survivors (1024K)
 Metaspace       used 10589K, committed 10752K, reserved 1114112K
  class space    used 988K, committed 1024K, reserved 1048576K
}
Event: 1.479 GC heap before
{Heap before GC invocations=38 (full 0):
 garbage-first heap   total 412672K, used 199119K [0x0000000084400000, 0x0000000100000000)
  region size 1024K, 5 young (5120K), 1 survivors (1024K)
 Metaspace       used 10589K, committed 10752K, reserved 1114112K
  class space    used 988K, committed 1024K, reserved 1048576K
}
Event: 1.479 GC heap after
{Heap after GC invocations=39 (full 0):
 garbage-first heap   total 412672K, used 196049K [0x0000000084400000, 0x0000000100000000)
  region size 1024K, 1 young (1024K), 1 survivors (1024K)
 Metaspace       used 10589K, committed 10752K, reserved 1114112K
  class space    used 988K, committed 1024K, reserved 1048576K
}
Event: 1.498 GC heap before
{Heap before GC invocations=40 (full 0):
 garbage-first heap   total 412672K, used 203217K [0x0000000084400000, 0x0000000100000000)
  region size 1024K, 5 young (5120K), 1 survivors (1024K)
 Metaspace       used 10589K, committed 10752K, reserved 1114112K
  class space    used 988K, committed 1024K, reserved 1048576K
}
Event: 1.499 GC heap after
{Heap after GC invocations=41 (full 0):
 garbage-first heap   total 490496K, used 200151K [0x0000000084400000, 0x0000000100000000)
  region size 1024K, 1 young (1024K), 1 survivors (1024K)
 Metaspace       used 10589K, committed 10752K, reserved 1114112K
  class space    used 988K, committed 1024K, reserved 1048576K
}
Event: 1.590 GC heap before
{Heap before GC invocations=41 (full 0):
 garbage-first heap   total 490496K, used 238039K [0x0000000084400000, 0x0000000100000000)
  region size 1024K, 19 young (19456K), 1 survivors (1024K)
 Metaspace       used 10589K, committed 10752K, reserved 1114112K
  class space    used 988K, committed 1024K, reserved 1048576K
}
Event: 1.591 GC heap after
{Heap after GC invocations=42 (full 0):
 garbage-first heap   total 490496K, used 220636K [0x0000000084400000, 0x0000000100000000)
  region size 1024K, 1 young (1024K), 1 survivors (1024K)
 Metaspace       used 10589K, committed 10752K, reserved 1114112K
  class space    used 988K, committed 1024K, reserved 1048576K
}
Event: 1.610 GC heap before
{Heap before GC invocations=43 (full 0):
 garbage-first heap   total 490496K, used 227804K [0x0000000084400000, 0x0000000100000000)
  region size 1024K, 5 young (5120K), 1 survivors (1024K)
 Metaspace       used 10589K, committed 10752K, reserved 1114112K
  class space    used 988K, committed 1024K, reserved 1048576K
}
Event: 1.610 GC heap after
{Heap after GC invocations=44 (full 0):
 garbage-first heap   total 490496K, used 224733K [0x0000000084400000, 0x0000000100000000)
  region size 1024K, 1 young (1024K), 1 survivors (1024K)
 Metaspace       used 10589K, committed 10752K, reserved 1114112K
  class space    used 988K, committed 1024K, reserved 1048576K
}
Event: 1.627 GC heap before
{Heap before GC invocations=45 (full 0):
 garbage-first heap   total 490496K, used 231901K [0x0000000084400000, 0x0000000100000000)
  region size 1024K, 5 young (5120K), 1 survivors (1024K)
 Metaspace       used 10589K, committed 10752K, reserved 1114112K
  class space    used 988K, committed 1024K, reserved 1048576K
}
Event: 1.628 GC heap after
{Heap after GC invocations=46 (full 0):
 garbage-first heap   total 490496K, used 228835K [0x0000000084400000, 0x0000000100000000)
  region size 1024K, 1 young (1024K), 1 survivors (1024K)
 Metaspace       used 10589K, committed 10752K, reserved 1114112K
  class space    used 988K, committed 1024K, reserved 1048576K
}
Event: 1.643 GC heap before
{Heap before GC invocations=47 (full 0):
 garbage-first heap   total 490496K, used 236003K [0x0000000084400000, 0x0000000100000000)
  region size 1024K, 5 young (5120K), 1 survivors (1024K)
 Metaspace       used 10589K, committed 10752K, reserved 1114112K
  class space    used 988K, committed 1024K, reserved 1048576K
}

