# JRE version: OpenJDK Runtime Environment Temurin-17.0.7+7 (17.0.7+7) (build 17.0.7+7)
# Java VM: OpenJDK 64-Bit Server VM Temurin-17.0.7+7 (17.0.7+7, mixed mode, tiered, compressed oops, compressed class ptrs, g1 gc, windows-amd64)
GC Precious Log:
 CPUs: 8 total, 8 available
 Memory: 7915M
 Large Page Support: Disabled
 NUMA Support: Disabled
 Compressed Oops: Enabled (32-bit)
 Heap Region Size: 1M
 Heap Min Capacity: 8M
 Heap Initial Capacity: 124M
 Heap Max Capacity: 1980M
 Pre-touch: Disabled
 Parallel Workers: 8
 Concurrent Workers: 2
 Concurrent Refinement Workers: 8
 Periodic GC: Disabled
Heap:
 garbage-first heap   total 346112K, used 175577K [0x0000000084400000, 0x0000000100000000)
  region size 1024K, 1 young (1024K), 1 survivors (1024K)
 Metaspace       used 10586K, committed 10752K, reserved 1114112K
  class space    used 988K, committed 1024K, reserved 1048576K
GC Heap History (20 events):
Event: 1.305 GC heap after
{Heap after GC invocations=15 (full 0):
 garbage-first heap   total 143360K, used 85463K [0x0000000084400000, 0x0000000100000000)
  region size 1024K, 2 young (2048K), 2 survivors (2048K)
 Metaspace       used 10585K, committed 10752K, reserved 1114112K
  class space    used 987K, committed 1024K, reserved 1048576K
}
Event: 1.327 GC heap before
{Heap before GC invocations=16 (full 0):
 garbage-first heap   total 150528K, used 92631K [0x0000000084400000, 0x0000000100000000)
  region size 1024K, 6 young (6144K), 2 survivors (2048K)
 Metaspace       used 10585K, committed 10752K, reserved 1114112K
  class space    used 987K, committed 1024K, reserved 1048576K
}
Event: 1.329 GC heap after
{Heap after GC invocations=17 (full 0):
 garbage-first heap   total 150528K, used 89558K [0x0000000084400000, 0x0000000100000000)
  region size 1024K, 2 young (2048K), 2 survivors (2048K)
 Metaspace       used 10585K, committed 10752K, reserved 1114112K
  class space    used 987K, committed 1024K, reserved 1048576K
}
Event: 1.352 GC heap before
{Heap before GC invocations=18 (full 0):
 garbage-first heap   total 157696K, used 96726K [0x0000000084400000, 0x0000000100000000)
  region size 1024K, 6 young (6144K), 2 survivors (2048K)
 Metaspace       used 10585K, committed 10752K, reserved 1114112K
  class space    used 987K, committed 1024K, reserved 1048576K
}
Event: 1.354 GC heap after
{Heap after GC invocations=19 (full 0):
 garbage-first heap   total 157696K, used 93732K [0x0000000084400000, 0x0000000100000000)
  region size 1024K, 2 young (2048K), 2 survivors (2048K)
 Metaspace       used 10585K, committed 10752K, reserved 1114112K
  class space    used 987K, committed 1024K, reserved 1048576K
}
Event: 1.379 GC heap before
{Heap before GC invocations=20 (full 0):
 garbage-first heap   total 163840K, used 100900K [0x0000000084400000, 0x0000000100000000)
  region size 1024K, 6 young (6144K), 2 survivors (2048K)
 Metaspace       used 10585K, committed 10752K, reserved 1114112K
  class space    used 987K, committed 1024K, reserved 1048576K
}
Event: 1.381 GC heap after
{Heap after GC invocations=21 (full 0):
 garbage-first heap   total 163840K, used 97751K [0x0000000084400000, 0x0000000100000000)
  region size 1024K, 2 young (2048K), 2 survivors (2048K)
 Metaspace       used 10585K, committed 10752K, reserved 1114112K
  class space    used 987K, committed 1024K, reserved 1048576K
}
Event: 1.405 GC heap before
{Heap before GC invocations=22 (full 0):
 garbage-first heap   total 173056K, used 104919K [0x0000000084400000, 0x0000000100000000)
  region size 1024K, 6 young (6144K), 2 survivors (2048K)
 Metaspace       used 10585K, committed 10752K, reserved 1114112K
  class space    used 987K, committed 1024K, reserved 1048576K
}
Event: 1.412 GC heap after
{Heap after GC invocations=23 (full 0):
 garbage-first heap   total 346112K, used 101849K [0x0000000084400000, 0x0000000100000000)
  region size 1024K, 2 young (2048K), 2 survivors (2048K)
 Metaspace       used 10585K, committed 10752K, reserved 1114112K
  class space    used 987K, committed 1024K, reserved 1048576K
}
Event: 1.840 GC heap before
{Heap before GC invocations=23 (full 0):
 garbage-first heap   total 346112K, used 203225K [0x0000000084400000, 0x0000000100000000)
  region size 1024K, 50 young (51200K), 2 survivors (2048K)
 Metaspace       used 10586K, committed 10752K, reserved 1114112K
  class space    used 988K, committed 1024K, reserved 1048576K
}
Event: 1.843 GC heap after
{Heap after GC invocations=24 (full 0):
 garbage-first heap   total 346112K, used 155063K [0x0000000084400000, 0x0000000100000000)
  region size 1024K, 2 young (2048K), 2 survivors (2048K)
 Metaspace       used 10586K, committed 10752K, reserved 1114112K
  class space    used 988K, committed 1024K, reserved 1048576K
}
Event: 1.866 GC heap before
{Heap before GC invocations=24 (full 0):
 garbage-first heap   total 346112K, used 162231K [0x0000000084400000, 0x0000000100000000)
  region size 1024K, 6 young (6144K), 2 survivors (2048K)
 Metaspace       used 10586K, committed 10752K, reserved 1114112K
  class space    used 988K, committed 1024K, reserved 1048576K
}
Event: 1.873 GC heap after
{Heap after GC invocations=25 (full 0):
 garbage-first heap   total 346112K, used 159219K [0x0000000084400000, 0x0000000100000000)
  region size 1024K, 2 young (2048K), 2 survivors (2048K)
 Metaspace       used 10586K, committed 10752K, reserved 1114112K
  class space    used 988K, committed 1024K, reserved 1048576K
}
Event: 1.905 GC heap before
{Heap before GC invocations=26 (full 0):
 garbage-first heap   total 346112K, used 166387K [0x0000000084400000, 0x0000000100000000)
  region size 1024K, 6 young (6144K), 2 survivors (2048K)
 Metaspace       used 10586K, committed 10752K, reserved 1114112K
  class space    used 988K, committed 1024K, reserved 1048576K
}
Event: 1.907 GC heap after
{Heap after GC invocations=27 (full 0):
 garbage-first heap   total 346112K, used 163314K [0x0000000084400000, 0x0000000100000000)
  region size 1024K, 1 young (1024K), 1 survivors (1024K)
 Metaspace       used 10586K, committed 10752K, reserved 1114112K
  class space    used 988K, committed 1024K, reserved 1048576K
}
Event: 1.936 GC heap before
{Heap before GC invocations=28 (full 0):
 garbage-first heap   total 346112K, used 170482K [0x0000000084400000, 0x0000000100000000)
  region size 1024K, 5 young (5120K), 1 survivors (1024K)
 Metaspace       used 10586K, committed 10752K, reserved 1114112K
  class space    used 988K, committed 1024K, reserved 1048576K
}
Event: 1.937 GC heap after
{Heap after GC invocations=29 (full 0):
 garbage-first heap   total 346112K, used 167395K [0x0000000084400000, 0x0000000100000000)
  region size 1024K, 1 young (1024K), 1 survivors (1024K)
 Metaspace       used 10586K, committed 10752K, reserved 1114112K
  class space    used 988K, committed 1024K, reserved 1048576K
}
Event: 1.978 GC heap before
{Heap before GC invocations=30 (full 0):
 garbage-first heap   total 346112K, used 174563K [0x0000000084400000, 0x0000000100000000)
  region size 1024K, 5 young (5120K), 1 survivors (1024K)
 Metaspace       used 10586K, committed 10752K, reserved 1114112K
  class space    used 988K, committed 1024K, reserved 1048576K
}
Event: 1.981 GC heap after
{Heap after GC invocations=31 (full 0):
 garbage-first heap   total 346112K, used 171478K [0x0000000084400000, 0x0000000100000000)
  region size 1024K, 1 young (1024K), 1 survivors (1024K)
 Metaspace       used 10586K, committed 10752K, reserved 1114112K
  class space    used 988K, committed 1024K, reserved 1048576K
}
Event: 2.014 GC heap before
{Heap before GC invocations=32 (full 0):
 garbage-first heap   total 346112K, used 178646K [0x0000000084400000, 0x0000000100000000)
  region size 1024K, 5 young (5120K), 1 survivors (1024K)
 Metaspace       used 10586K, committed 10752K, reserved 1114112K
  class space    used 988K, committed 1024K, reserved 1048576K
}

